<?xml version="1.0" encoding="UTF-8"?>
<!-- Generated by org.testng.reporters.JUnitReportReporter -->
<testsuite skipped="0" hostname="DESKTOP-9P1MDVM" name="properties_file.Properties_File1" tests="1" failures="0" timestamp="23 Oct 2020 20:12:28 GMT" time="0.087" errors="0">
  <testcase name="test" time="0.087" classname="properties_file.Properties_File1"/>
</testsuite> <!-- properties_file.Properties_File1 -->
