<?xml version="1.0" encoding="UTF-8"?>
<!-- Generated by org.testng.reporters.JUnitReportReporter -->
<testsuite skipped="0" hostname="DESKTOP-9P1MDVM" name="generics.PropertyData" tests="1" failures="0" timestamp="20 Oct 2020 15:48:13 GMT" time="0.050" errors="0">
  <testcase name="test" time="0.050" classname="generics.PropertyData"/>
</testsuite> <!-- generics.PropertyData -->
