<?xml version="1.0" encoding="UTF-8"?>
<!-- Generated by org.testng.reporters.JUnitReportReporter -->
<testsuite skipped="0" hostname="DESKTOP-9P1MDVM" name="test.TC1" tests="1" failures="0" timestamp="23 Oct 2020 20:12:28 GMT" time="0.051" errors="0">
  <testcase name="test1" time="0.051" classname="test.TC1"/>
</testsuite> <!-- test.TC1 -->
