<?xml version="1.0" encoding="UTF-8"?>
<!-- Generated by org.testng.reporters.JUnitReportReporter -->
<testsuite skipped="0" hostname="DESKTOP-9P1MDVM" name="log4j.Demo2" tests="1" failures="0" timestamp="24 Oct 2020 19:03:08 GMT" time="0.372" errors="0">
  <testcase name="test2" time="0.372" classname="log4j.Demo2"/>
</testsuite> <!-- log4j.Demo2 -->
